[INFO] Scanning for projects...
[INFO] 
[INFO] --------------------< com.servicemate:servicemate >---------------------
[INFO] Building servicemate 0.0.1-SNAPSHOT
[INFO]   from pom.xml
[INFO] --------------------------------[ jar ]---------------------------------
[INFO] 
[INFO] >>> spring-boot:3.2.5:run (default-cli) > test-compile @ servicemate >>>
[INFO] 
[INFO] --- resources:3.3.1:resources (default-resources) @ servicemate ---
[INFO] Copying 1 resource from src\main\resources to target\classes
[INFO] Copying 0 resource from src\main\resources to target\classes
[INFO] 
[INFO] --- compiler:3.11.0:compile (default-compile) @ servicemate ---
[INFO] Nothing to compile - all classes are up to date
[INFO] 
[INFO] --- resources:3.3.1:testResources (default-testResources) @ servicemate ---
[INFO] skip non existing resourceDirectory C:\Users\nived\IdeaProjects\servicemate\servicemate-main\servicemate\src\test\resources
[INFO] 
[INFO] --- compiler:3.11.0:testCompile (default-testCompile) @ servicemate ---
[INFO] Nothing to compile - all classes are up to date
[INFO] 
[INFO] <<< spring-boot:3.2.5:run (default-cli) < test-compile @ servicemate <<<
[INFO] 
[INFO] 
[INFO] --- spring-boot:3.2.5:run (default-cli) @ servicemate ---
[INFO] Attaching agents: []

  .   ____          _            __ _ _
 /\\ / ___'_ __ _ _(_)_ __  __ _ \ \ \ \
( ( )\___ | '_ | '_| | '_ \/ _` | \ \ \ \
 \\/  ___)| |_)| | | | | || (_| |  ) ) ) )
  '  |____| .__|_| |_|_| |_\__, | / / / /
 =========|_|==============|___/=/_/_/_/
 :: Spring Boot ::                (v3.2.5)

2026-03-16T23:04:36.890+05:30  INFO 1508 --- [           main] c.e.servicemate.ServicemateApplication   : Starting ServicemateApplication using Java 17.0.18 with PID 1508 (C:\Users\nived\IdeaProjects\servicemate\servicemate-main\servicemate\target\classes started by nived in C:\Users\nived\IdeaProjects\servicemate\servicemate-main\servicemate)
2026-03-16T23:04:36.902+05:30  INFO 1508 --- [           main] c.e.servicemate.ServicemateApplication   : No active profile set, falling back to 1 default profile: "default"
2026-03-16T23:04:39.109+05:30  INFO 1508 --- [           main] .s.d.r.c.RepositoryConfigurationDelegate : Bootstrapping Spring Data JPA repositories in DEFAULT mode.
2026-03-16T23:04:39.277+05:30  INFO 1508 --- [           main] .s.d.r.c.RepositoryConfigurationDelegate : Finished Spring Data repository scanning in 148 ms. Found 1 JPA repository interface.
2026-03-16T23:04:40.453+05:30  INFO 1508 --- [           main] o.s.b.w.embedded.tomcat.TomcatWebServer  : Tomcat initialized with port 8080 (http)
2026-03-16T23:04:40.478+05:30  INFO 1508 --- [           main] o.apache.catalina.core.StandardService   : Starting service [Tomcat]
2026-03-16T23:04:40.478+05:30  INFO 1508 --- [           main] o.apache.catalina.core.StandardEngine    : Starting Servlet engine: [Apache Tomcat/10.1.20]
2026-03-16T23:04:40.586+05:30  INFO 1508 --- [           main] o.a.c.c.C.[Tomcat].[localhost].[/]       : Initializing Spring embedded WebApplicationContext
2026-03-16T23:04:40.591+05:30  INFO 1508 --- [           main] w.s.c.ServletWebServerApplicationContext : Root WebApplicationContext: initialization completed in 3547 ms
2026-03-16T23:04:40.891+05:30  INFO 1508 --- [           main] o.hibernate.jpa.internal.util.LogHelper  : HHH000204: Processing PersistenceUnitInfo [name: default]
2026-03-16T23:04:40.986+05:30  INFO 1508 --- [           main] org.hibernate.Version                    : HHH000412: Hibernate ORM core version 6.4.4.Final
2026-03-16T23:04:41.044+05:30  INFO 1508 --- [           main] o.h.c.internal.RegionFactoryInitiator    : HHH000026: Second-level cache disabled
2026-03-16T23:04:41.440+05:30  INFO 1508 --- [           main] o.s.o.j.p.SpringPersistenceUnitInfo      : No LoadTimeWeaver setup: ignoring JPA class transformer
2026-03-16T23:04:41.483+05:30  INFO 1508 --- [           main] com.zaxxer.hikari.HikariDataSource       : HikariPool-1 - Starting...
2026-03-16T23:04:42.027+05:30  INFO 1508 --- [           main] com.zaxxer.hikari.pool.HikariPool        : HikariPool-1 - Added connection com.mysql.cj.jdbc.ConnectionImpl@6d8b7ea9
2026-03-16T23:04:42.032+05:30  INFO 1508 --- [           main] com.zaxxer.hikari.HikariDataSource       : HikariPool-1 - Start completed.
2026-03-16T23:04:42.140+05:30  WARN 1508 --- [           main] org.hibernate.orm.deprecation            : HHH90000025: MySQLDialect does not need to be specified explicitly using 'hibernate.dialect' (remove the property setting and it will be selected by default)
2026-03-16T23:04:43.825+05:30  INFO 1508 --- [           main] o.h.e.t.j.p.i.JtaPlatformInitiator       : HHH000489: No JTA platform available (set 'hibernate.transaction.jta.platform' to enable JTA platform integration)
2026-03-16T23:04:43.945+05:30  INFO 1508 --- [           main] j.LocalContainerEntityManagerFactoryBean : Initialized JPA EntityManagerFactory for persistence unit 'default'
2026-03-16T23:04:44.645+05:30  WARN 1508 --- [           main] JpaBaseConfiguration$JpaWebConfiguration : spring.jpa.open-in-view is enabled by default. Therefore, database queries may be performed during view rendering. Explicitly configure spring.jpa.open-in-view to disable this warning
2026-03-16T23:04:44.680+05:30  WARN 1508 --- [           main] .s.s.UserDetailsServiceAutoConfiguration : 

Using generated security password: 420c014c-0c83-4a28-aa85-875ee9a880d2

This generated password is for development use only. Your security configuration must be updated before running your application in production.

2026-03-16T23:04:45.122+05:30  INFO 1508 --- [           main] o.s.s.web.DefaultSecurityFilterChain     : Will secure any request with [org.springframework.security.web.session.DisableEncodeUrlFilter@7be86438, org.springframework.security.web.context.request.async.WebAsyncManagerIntegrationFilter@5fe4848, org.springframework.security.web.context.SecurityContextHolderFilter@7bdddfa4, org.springframework.security.web.header.HeaderWriterFilter@50d6af87, org.springframework.web.filter.CorsFilter@59a79443, org.springframework.security.web.authentication.logout.LogoutFilter@aca2a0b, org.springframework.security.web.savedrequest.RequestCacheAwareFilter@1d0fc0bc, org.springframework.security.web.servletapi.SecurityContextHolderAwareRequestFilter@2003edf, org.springframework.security.web.authentication.AnonymousAuthenticationFilter@6a906078, org.springframework.security.web.access.ExceptionTranslationFilter@574e4184, org.springframework.security.web.access.intercept.AuthorizationFilter@4936fbc6]
2026-03-16T23:04:45.520+05:30  INFO 1508 --- [           main] o.s.b.w.embedded.tomcat.TomcatWebServer  : Tomcat started on port 8080 (http) with context path ''
2026-03-16T23:04:45.523+05:30  INFO 1508 --- [           main] c.e.servicemate.ServicemateApplication   : Started ServicemateApplication in 9.798 seconds (process running for 10.796)
2026-03-16T23:06:19.302+05:30  INFO 1508 --- [nio-8080-exec-1] o.a.c.c.C.[Tomcat].[localhost].[/]       : Initializing Spring DispatcherServlet 'dispatcherServlet'
2026-03-16T23:06:19.302+05:30  INFO 1508 --- [nio-8080-exec-1] o.s.web.servlet.DispatcherServlet        : Initializing Servlet 'dispatcherServlet'
2026-03-16T23:06:19.318+05:30  INFO 1508 --- [nio-8080-exec-1] o.s.web.servlet.DispatcherServlet        : Completed initialization in 15 ms
Hibernate: select u1_0.user_id,u1_0.created_at,u1_0.email,u1_0.name,u1_0.password,u1_0.phone,u1_0.role,u1_0.service_type from users u1_0 where u1_0.email=?
Hibernate: select u1_0.user_id from users u1_0 where u1_0.email=? limit ?
Hibernate: select u1_0.user_id from users u1_0 where u1_0.email=? limit ?
Hibernate: select u1_0.user_id,u1_0.created_at,u1_0.email,u1_0.name,u1_0.password,u1_0.phone,u1_0.role,u1_0.service_type from users u1_0 where u1_0.email=?
Hibernate: select u1_0.user_id,u1_0.created_at,u1_0.email,u1_0.name,u1_0.password,u1_0.phone,u1_0.role,u1_0.service_type from users u1_0 where u1_0.email=?
Hibernate: select u1_0.user_id from users u1_0 where u1_0.email=? limit ?
Hibernate: select u1_0.user_id,u1_0.created_at,u1_0.email,u1_0.name,u1_0.password,u1_0.phone,u1_0.role,u1_0.service_type from users u1_0 where u1_0.email=?
Hibernate: update users set email=?,name=?,password=?,phone=?,role=?,service_type=? where user_id=?
Hibernate: select u1_0.user_id,u1_0.created_at,u1_0.email,u1_0.name,u1_0.password,u1_0.phone,u1_0.role,u1_0.service_type from users u1_0 where u1_0.email=?
Hibernate: select u1_0.user_id from users u1_0 where u1_0.email=? limit ?
Hibernate: select u1_0.user_id from users u1_0 where u1_0.email=? limit ?
Hibernate: select u1_0.user_id from users u1_0 where u1_0.email=? limit ?
Hibernate: select u1_0.user_id from users u1_0 where u1_0.email=? limit ?
Hibernate: insert into users (created_at,email,name,password,phone,role,service_type) values (?,?,?,?,?,?,?)
Hibernate: select u1_0.user_id,u1_0.created_at,u1_0.email,u1_0.name,u1_0.password,u1_0.phone,u1_0.role,u1_0.service_type from users u1_0 where u1_0.email=?
Hibernate: select u1_0.user_id,u1_0.created_at,u1_0.email,u1_0.name,u1_0.password,u1_0.phone,u1_0.role,u1_0.service_type from users u1_0 where u1_0.email=?
